<?xml version="1.0" encoding="UTF-8"?>
<!-- Generated by org.testng.reporters.JUnitReportReporter -->
<testsuite hostname="DESKTOP-7JGMEUM" failures="0" tests="1" name="testCase.Test_Pending_Leave_Request" time="4.207" errors="0" timestamp="2024-06-08T22:39:48 IST" skipped="0">
  <testcase classname="testCase.Test_Pending_Leave_Request" name="verifyPendingLeaveRequest" time="4.207"/>
</testsuite> <!-- testCase.Test_Pending_Leave_Request -->
